<?xml version="1.0" encoding="UTF-8"?>
<!-- Generated by org.testng.reporters.JUnitReportReporter -->
<testsuite name="com.testcases.TestCase1" tests="1" time="0.015" ignored="0" failures="0" timestamp="26 Feb 2019 18:25:09 GMT" skipped="0" hostname="DHEERAJ" errors="0">
  <testcase name="login" time="0.015" classname="com.testcases.TestCase1"/>
</testsuite> <!-- com.testcases.TestCase1 -->
