<?xml version="1.0" encoding="UTF-8"?>
<!-- Generated by org.testng.reporters.JUnitReportReporter -->
<testsuite name="com.testcases.SelectAction" tests="1" time="25.785" ignored="0" failures="0" timestamp="26 Feb 2019 19:43:08 GMT" skipped="0" hostname="DHEERAJ" errors="0">
  <testcase name="selectactions" time="25.785" classname="com.testcases.SelectAction"/>
</testsuite> <!-- com.testcases.SelectAction -->
